<?xml version="1.0" encoding="UTF-8"?>
<testsuite xmlns:xsi="http://www.w3.org/2001/XMLSchema-instance" xsi:noNamespaceSchemaLocation="https://maven.apache.org/surefire/maven-surefire-plugin/xsd/surefire-test-report.xsd" name="AreaUtilsTest" time="0.036" tests="4" errors="0" skipped="0" failures="0">
  <properties>
[...]
</properties>
  <testcase name="circleArea" classname="AreaUtilsTest" time="0.021"/>
  <testcase name="triangleArea" classname="AreaUtilsTest" time="0"/>
  <testcase name="rectangleArea" classname="AreaUtilsTest" time="0.001"/>
  <testcase name="squareArea" classname="AreaUtilsTest" time="0.001"/>
</testsuite>